Command line:
   stopwatch_tb00_isim_beh.exe
     -simmode  gui
     -simrunnum  0
     -socket  56844

Fri Mar 20 14:14:58 2020


 Elaboration Time: 0.015625 sec

 Current Memory Usage: 5154.55 Meg

 Total Signals          : 83
 Total Nets             : 115
 Total Signal Drivers   : 31
 Total Blocks           : 14
 Total Primitive Blocks : 11
 Total Processes        : 16
 Total Traceable Variables  : 18
 Total Scalar Nets and Variables : 649
Total Line Count : 85

 Total Simulation Time: 3.82813 sec

 Current Memory Usage: 4682.69 Meg

Fri Mar 20 14:45:08 2020

