Running: C:\Xilinx\14.3\ISE_DS\ISE\bin\nt64\unwrapped\fuse.exe -intstyle ise -incremental -lib secureip -o C:/Users/Marek/Desktop/Digital-electronics-1-Moje/Digital-electronics-1-master/Labs/07-stopwatch/stopwatch/stopwatch_tb00_isim_beh.exe -prj C:/Users/Marek/Desktop/Digital-electronics-1-Moje/Digital-electronics-1-master/Labs/07-stopwatch/stopwatch/stopwatch_tb00_beh.prj work.stopwatch_tb00 
ISim P.40xd (signature 0x7708f090)
Number of CPUs detected in this system: 4
Turning on mult-threading, number of parallel sub-compilation jobs: 8 
Determining compilation order of HDL files
Parsing VHDL file "C:/Users/Marek/Desktop/Digital-electronics-1-Moje/Digital-electronics-1-master/Labs/07-stopwatch/stopwatch/clock_enable.vhd" into library work
Parsing VHDL file "C:/Users/Marek/Desktop/Digital-electronics-1-Moje/Digital-electronics-1-master/Labs/07-stopwatch/stopwatch/BCD.vhd" into library work
Parsing VHDL file "C:/Users/Marek/Desktop/Digital-electronics-1-Moje/Digital-electronics-1-master/Labs/07-stopwatch/stopwatch/stopwatch.vhd" into library work
Parsing VHDL file "C:/Users/Marek/Desktop/Digital-electronics-1-Moje/Digital-electronics-1-master/Labs/07-stopwatch/stopwatch/stopwatch_tb00.vhd" into library work
Starting static elaboration
Completed static elaboration
Compiling package standard
Compiling package std_logic_1164
Compiling package numeric_std
Compiling package std_logic_arith
Compiling package std_logic_unsigned
Compiling architecture behavioral of entity clock_enable [\clock_enable(('0','0','0','0','...]
Compiling architecture behavioral of entity BCD [bcd_default]
Compiling architecture behavioral of entity stopwatch [stopwatch_default]
Compiling architecture behavior of entity stopwatch_tb00
Time Resolution for simulation is 1ps.
Waiting for 1 sub-compilation(s) to finish...
Compiled 12 VHDL Units
Built simulation executable C:/Users/Marek/Desktop/Digital-electronics-1-Moje/Digital-electronics-1-master/Labs/07-stopwatch/stopwatch/stopwatch_tb00_isim_beh.exe
Fuse Memory Usage: 36428 KB
Fuse CPU Usage: 546 ms
