Release 14.3 - xst P.40xd (nt64)
Copyright (c) 1995-2012 Xilinx, Inc.  All rights reserved.
--> Parameter TMPDIR set to xst/projnav.tmp


Total REAL time to Xst completion: 0.00 secs
Total CPU time to Xst completion: 0.10 secs
 
--> Parameter xsthdpdir set to xst


Total REAL time to Xst completion: 0.00 secs
Total CPU time to Xst completion: 0.10 secs
 
--> Reading design: stopwatch_driver.prj

TABLE OF CONTENTS
  1) Synthesis Options Summary
  2) HDL Parsing
  3) HDL Elaboration
  4) HDL Synthesis
       4.1) HDL Synthesis Report
  5) Advanced HDL Synthesis
       5.1) Advanced HDL Synthesis Report
  6) Low Level Synthesis
  7) Partition Report
  8) Design Summary
       8.1) Primitive and Black Box Usage
       8.2) Device utilization summary
       8.3) Partition Resource Summary
       8.4) Timing Report
            8.4.1) Clock Information
            8.4.2) Asynchronous Control Signals Information
            8.4.3) Timing Summary
            8.4.4) Timing Details
            8.4.5) Cross Clock Domains Report


=========================================================================
*                      Synthesis Options Summary                        *
=========================================================================
---- Source Parameters
Input File Name                    : "stopwatch_driver.prj"
Ignore Synthesis Constraint File   : NO

---- Target Parameters
Output File Name                   : "stopwatch_driver"
Output Format                      : NGC
Target Device                      : xc7a100t-3-csg324

---- Source Options
Top Module Name                    : stopwatch_driver
Automatic FSM Extraction           : YES
FSM Encoding Algorithm             : Auto
Safe Implementation                : No
FSM Style                          : LUT
RAM Extraction                     : Yes
RAM Style                          : Auto
ROM Extraction                     : Yes
Shift Register Extraction          : YES
ROM Style                          : Auto
Resource Sharing                   : YES
Asynchronous To Synchronous        : NO
Shift Register Minimum Size        : 2
Use DSP Block                      : Auto
Automatic Register Balancing       : No

---- Target Options
LUT Combining                      : Auto
Reduce Control Sets                : Auto
Add IO Buffers                     : YES
Global Maximum Fanout              : 100000
Add Generic Clock Buffer(BUFG)     : 32
Register Duplication               : YES
Optimize Instantiated Primitives   : NO
Use Clock Enable                   : Auto
Use Synchronous Set                : Auto
Use Synchronous Reset              : Auto
Pack IO Registers into IOBs        : Auto
Equivalent register Removal        : YES

---- General Options
Optimization Goal                  : Speed
Optimization Effort                : 1
Power Reduction                    : NO
Keep Hierarchy                     : No
Netlist Hierarchy                  : As_Optimized
RTL Output                         : Yes
Global Optimization                : AllClockNets
Read Cores                         : YES
Write Timing Constraints           : NO
Cross Clock Analysis               : NO
Hierarchy Separator                : /
Bus Delimiter                      : <>
Case Specifier                     : Maintain
Slice Utilization Ratio            : 100
BRAM Utilization Ratio             : 100
DSP48 Utilization Ratio            : 100
Auto BRAM Packing                  : NO
Slice Utilization Ratio Delta      : 5

=========================================================================


=========================================================================
*                          HDL Parsing                                  *
=========================================================================
Parsing VHDL file "C:\Users\Marek\Desktop\DE Moje\Digital-electronics-1-master\Labs\07-stopwatch\07-stopwatch\stopwatch\clock_enable.vhd" into library work
Parsing entity <clock_enable>.
Parsing architecture <Behavioral> of entity <clock_enable>.
Parsing VHDL file "C:\Users\Marek\Desktop\DE Moje\Digital-electronics-1-master\Labs\07-stopwatch\07-stopwatch\stopwatch\BCD.vhd" into library work
Parsing entity <BCD>.
Parsing architecture <Behavioral> of entity <bcd>.
Parsing VHDL file "C:\Users\Marek\Desktop\DE Moje\Digital-electronics-1-master\Labs\07-stopwatch\07-stopwatch\stopwatch\stopwatch.vhd" into library work
Parsing entity <stopwatch>.
Parsing architecture <Behavioral> of entity <stopwatch>.
Parsing VHDL file "C:\Users\Marek\Desktop\DE Moje\Digital-electronics-1-master\Labs\07-stopwatch\07-stopwatch\stopwatch\hex_to_7seg.vhd" into library work
Parsing entity <hex_to_7seg>.
Parsing architecture <Behavioral> of entity <hex_to_7seg>.
Parsing VHDL file "C:\Users\Marek\Desktop\DE Moje\Digital-electronics-1-master\Labs\07-stopwatch\07-stopwatch\stopwatch\stopwatch_driver.vhd" into library work
Parsing entity <stopwatch_driver>.
Parsing architecture <Behavioral> of entity <stopwatch_driver>.

=========================================================================
*                            HDL Elaboration                            *
=========================================================================

Elaborating entity <stopwatch_driver> (architecture <Behavioral>) from library <work>.

Elaborating entity <stopwatch> (architecture <Behavioral>) from library <work>.
WARNING:HDLCompiler:871 - "C:\Users\Marek\Desktop\DE Moje\Digital-electronics-1-master\Labs\07-stopwatch\07-stopwatch\stopwatch\stopwatch.vhd" Line 55: Using initial value '1' for cnt_en0 since it is never assigned
WARNING:HDLCompiler:871 - "C:\Users\Marek\Desktop\DE Moje\Digital-electronics-1-master\Labs\07-stopwatch\07-stopwatch\stopwatch\stopwatch.vhd" Line 60: Using initial value '1' for erase_en0 since it is never assigned
WARNING:HDLCompiler:92 - "C:\Users\Marek\Desktop\DE Moje\Digital-electronics-1-master\Labs\07-stopwatch\07-stopwatch\stopwatch\stopwatch.vhd" Line 88: s_cnt2 should be on the sensitivity list of the process

Elaborating entity <clock_enable> (architecture <Behavioral>) with generics from library <work>.

Elaborating entity <BCD> (architecture <Behavioral>) from library <work>.

Elaborating entity <clock_enable> (architecture <Behavioral>) with generics from library <work>.

Elaborating entity <hex_to_7seg> (architecture <Behavioral>) from library <work>.

=========================================================================
*                           HDL Synthesis                               *
=========================================================================

Synthesizing Unit <stopwatch_driver>.
    Related source file is "C:\Users\Marek\Desktop\DE Moje\Digital-electronics-1-master\Labs\07-stopwatch\07-stopwatch\stopwatch\stopwatch_driver.vhd".
    Found 2-bit register for signal <s_cnt>.
    Found 2-bit adder for signal <s_cnt[1]_GND_5_o_add_0_OUT> created at line 93.
    Found 4x4-bit Read Only RAM for signal <dig_o>
    Found 4-bit 4-to-1 multiplexer for signal <s_hex> created at line 104.
    Found 1-bit 4-to-1 multiplexer for signal <dp_o> created at line 104.
    Summary:
	inferred   1 RAM(s).
	inferred   1 Adder/Subtractor(s).
	inferred   2 D-type flip-flop(s).
	inferred   2 Multiplexer(s).
Unit <stopwatch_driver> synthesized.

Synthesizing Unit <stopwatch>.
    Related source file is "C:\Users\Marek\Desktop\DE Moje\Digital-electronics-1-master\Labs\07-stopwatch\07-stopwatch\stopwatch\stopwatch.vhd".
    Summary:
	no macro.
Unit <stopwatch> synthesized.

Synthesizing Unit <clock_enable_1>.
    Related source file is "C:\Users\Marek\Desktop\DE Moje\Digital-electronics-1-master\Labs\07-stopwatch\07-stopwatch\stopwatch\clock_enable.vhd".
        g_NPERIOD = "0000000001100100"
    Found 1-bit register for signal <clock_enable_o>.
    Found 16-bit register for signal <s_cnt>.
    Found 16-bit adder for signal <s_cnt[15]_GND_8_o_add_1_OUT> created at line 54.
    Found 16-bit comparator greater for signal <n0001> created at line 50
    Summary:
	inferred   1 Adder/Subtractor(s).
	inferred  17 D-type flip-flop(s).
	inferred   1 Comparator(s).
Unit <clock_enable_1> synthesized.

Synthesizing Unit <BCD>.
    Related source file is "C:\Users\Marek\Desktop\DE Moje\Digital-electronics-1-master\Labs\07-stopwatch\07-stopwatch\stopwatch\BCD.vhd".
    Found 4-bit register for signal <s_cntBCD>.
    Found 4-bit adder for signal <s_cntBCD[3]_GND_9_o_add_1_OUT> created at line 60.
    Summary:
	inferred   1 Adder/Subtractor(s).
	inferred   4 D-type flip-flop(s).
Unit <BCD> synthesized.

Synthesizing Unit <clock_enable_2>.
    Related source file is "C:\Users\Marek\Desktop\DE Moje\Digital-electronics-1-master\Labs\07-stopwatch\07-stopwatch\stopwatch\clock_enable.vhd".
        g_NPERIOD = "0000000000101000"
    Found 1-bit register for signal <clock_enable_o>.
    Found 16-bit register for signal <s_cnt>.
    Found 16-bit adder for signal <s_cnt[15]_GND_10_o_add_1_OUT> created at line 54.
    Found 16-bit comparator greater for signal <n0001> created at line 50
    Summary:
	inferred   1 Adder/Subtractor(s).
	inferred  17 D-type flip-flop(s).
	inferred   1 Comparator(s).
Unit <clock_enable_2> synthesized.

Synthesizing Unit <hex_to_7seg>.
    Related source file is "C:\Users\Marek\Desktop\DE Moje\Digital-electronics-1-master\Labs\07-stopwatch\07-stopwatch\stopwatch\hex_to_7seg.vhd".
    Found 16x7-bit Read Only RAM for signal <seg_o>
    Summary:
	inferred   1 RAM(s).
Unit <hex_to_7seg> synthesized.

=========================================================================
HDL Synthesis Report

Macro Statistics
# RAMs                                                 : 2
 16x7-bit single-port Read Only RAM                    : 1
 4x4-bit single-port Read Only RAM                     : 1
# Adders/Subtractors                                   : 7
 16-bit adder                                          : 2
 2-bit adder                                           : 1
 4-bit adder                                           : 4
# Registers                                            : 9
 1-bit register                                        : 2
 16-bit register                                       : 2
 2-bit register                                        : 1
 4-bit register                                        : 4
# Comparators                                          : 2
 16-bit comparator greater                             : 2
# Multiplexers                                         : 2
 1-bit 4-to-1 multiplexer                              : 1
 4-bit 4-to-1 multiplexer                              : 1

=========================================================================

=========================================================================
*                       Advanced HDL Synthesis                          *
=========================================================================


Synthesizing (advanced) Unit <BCD>.
The following registers are absorbed into counter <s_cntBCD>: 1 register on signal <s_cntBCD>.
Unit <BCD> synthesized (advanced).

Synthesizing (advanced) Unit <clock_enable_1>.
The following registers are absorbed into counter <s_cnt>: 1 register on signal <s_cnt>.
Unit <clock_enable_1> synthesized (advanced).

Synthesizing (advanced) Unit <clock_enable_2>.
The following registers are absorbed into counter <s_cnt>: 1 register on signal <s_cnt>.
Unit <clock_enable_2> synthesized (advanced).

Synthesizing (advanced) Unit <hex_to_7seg>.
INFO:Xst:3218 - HDL ADVISOR - The RAM <Mram_seg_o> will be implemented on LUTs either because you have described an asynchronous read or because of currently unsupported block RAM features. If you have described an asynchronous read, making it synchronous would allow you to take advantage of available block RAM resources, for optimized device usage and improved timings. Please refer to your documentation for coding guidelines.
    -----------------------------------------------------------------------
    | ram_type           | Distributed                         |          |
    -----------------------------------------------------------------------
    | Port A                                                              |
    |     aspect ratio   | 16-word x 7-bit                     |          |
    |     weA            | connected to signal <GND>           | high     |
    |     addrA          | connected to signal <hex_i>         |          |
    |     diA            | connected to signal <GND>           |          |
    |     doA            | connected to signal <seg_o>         |          |
    -----------------------------------------------------------------------
Unit <hex_to_7seg> synthesized (advanced).

Synthesizing (advanced) Unit <stopwatch_driver>.
The following registers are absorbed into counter <s_cnt>: 1 register on signal <s_cnt>.
INFO:Xst:3218 - HDL ADVISOR - The RAM <Mram_dig_o> will be implemented on LUTs either because you have described an asynchronous read or because of currently unsupported block RAM features. If you have described an asynchronous read, making it synchronous would allow you to take advantage of available block RAM resources, for optimized device usage and improved timings. Please refer to your documentation for coding guidelines.
    -----------------------------------------------------------------------
    | ram_type           | Distributed                         |          |
    -----------------------------------------------------------------------
    | Port A                                                              |
    |     aspect ratio   | 4-word x 4-bit                      |          |
    |     weA            | connected to signal <GND>           | high     |
    |     addrA          | connected to signal <s_cnt>         |          |
    |     diA            | connected to signal <GND>           |          |
    |     doA            | connected to signal <dig_o>         |          |
    -----------------------------------------------------------------------
Unit <stopwatch_driver> synthesized (advanced).

=========================================================================
Advanced HDL Synthesis Report

Macro Statistics
# RAMs                                                 : 2
 16x7-bit single-port distributed Read Only RAM        : 1
 4x4-bit single-port distributed Read Only RAM         : 1
# Counters                                             : 7
 16-bit up counter                                     : 2
 2-bit up counter                                      : 1
 4-bit up counter                                      : 4
# Registers                                            : 2
 Flip-Flops                                            : 2
# Comparators                                          : 2
 16-bit comparator greater                             : 2
# Multiplexers                                         : 2
 1-bit 4-to-1 multiplexer                              : 1
 4-bit 4-to-1 multiplexer                              : 1

=========================================================================

=========================================================================
*                         Low Level Synthesis                           *
=========================================================================

Optimizing unit <stopwatch_driver> ...

Optimizing unit <stopwatch> ...
WARNING:Xst:1293 - FF/Latch <stopwatch/clock_enable/s_cnt_9> has a constant value of 0 in block <stopwatch_driver>. This FF/Latch will be trimmed during the optimization process.
WARNING:Xst:1896 - Due to other FF/Latch trimming, FF/Latch <stopwatch/clock_enable/s_cnt_7> has a constant value of 0 in block <stopwatch_driver>. This FF/Latch will be trimmed during the optimization process.
WARNING:Xst:1896 - Due to other FF/Latch trimming, FF/Latch <stopwatch/clock_enable/s_cnt_8> has a constant value of 0 in block <stopwatch_driver>. This FF/Latch will be trimmed during the optimization process.
WARNING:Xst:1896 - Due to other FF/Latch trimming, FF/Latch <stopwatch/clock_enable/s_cnt_12> has a constant value of 0 in block <stopwatch_driver>. This FF/Latch will be trimmed during the optimization process.
WARNING:Xst:1896 - Due to other FF/Latch trimming, FF/Latch <stopwatch/clock_enable/s_cnt_10> has a constant value of 0 in block <stopwatch_driver>. This FF/Latch will be trimmed during the optimization process.
WARNING:Xst:1896 - Due to other FF/Latch trimming, FF/Latch <stopwatch/clock_enable/s_cnt_11> has a constant value of 0 in block <stopwatch_driver>. This FF/Latch will be trimmed during the optimization process.
WARNING:Xst:1896 - Due to other FF/Latch trimming, FF/Latch <stopwatch/clock_enable/s_cnt_15> has a constant value of 0 in block <stopwatch_driver>. This FF/Latch will be trimmed during the optimization process.
WARNING:Xst:1896 - Due to other FF/Latch trimming, FF/Latch <stopwatch/clock_enable/s_cnt_13> has a constant value of 0 in block <stopwatch_driver>. This FF/Latch will be trimmed during the optimization process.
WARNING:Xst:1896 - Due to other FF/Latch trimming, FF/Latch <stopwatch/clock_enable/s_cnt_14> has a constant value of 0 in block <stopwatch_driver>. This FF/Latch will be trimmed during the optimization process.
WARNING:Xst:1896 - Due to other FF/Latch trimming, FF/Latch <clock_enable/s_cnt_15> has a constant value of 0 in block <stopwatch_driver>. This FF/Latch will be trimmed during the optimization process.
WARNING:Xst:1896 - Due to other FF/Latch trimming, FF/Latch <clock_enable/s_cnt_14> has a constant value of 0 in block <stopwatch_driver>. This FF/Latch will be trimmed during the optimization process.
WARNING:Xst:1896 - Due to other FF/Latch trimming, FF/Latch <clock_enable/s_cnt_12> has a constant value of 0 in block <stopwatch_driver>. This FF/Latch will be trimmed during the optimization process.
WARNING:Xst:1896 - Due to other FF/Latch trimming, FF/Latch <clock_enable/s_cnt_11> has a constant value of 0 in block <stopwatch_driver>. This FF/Latch will be trimmed during the optimization process.
WARNING:Xst:1896 - Due to other FF/Latch trimming, FF/Latch <clock_enable/s_cnt_13> has a constant value of 0 in block <stopwatch_driver>. This FF/Latch will be trimmed during the optimization process.
WARNING:Xst:1896 - Due to other FF/Latch trimming, FF/Latch <clock_enable/s_cnt_9> has a constant value of 0 in block <stopwatch_driver>. This FF/Latch will be trimmed during the optimization process.
WARNING:Xst:1896 - Due to other FF/Latch trimming, FF/Latch <clock_enable/s_cnt_8> has a constant value of 0 in block <stopwatch_driver>. This FF/Latch will be trimmed during the optimization process.
WARNING:Xst:1896 - Due to other FF/Latch trimming, FF/Latch <clock_enable/s_cnt_10> has a constant value of 0 in block <stopwatch_driver>. This FF/Latch will be trimmed during the optimization process.
WARNING:Xst:1896 - Due to other FF/Latch trimming, FF/Latch <clock_enable/s_cnt_6> has a constant value of 0 in block <stopwatch_driver>. This FF/Latch will be trimmed during the optimization process.
WARNING:Xst:1896 - Due to other FF/Latch trimming, FF/Latch <clock_enable/s_cnt_7> has a constant value of 0 in block <stopwatch_driver>. This FF/Latch will be trimmed during the optimization process.
INFO:Xst:2261 - The FF/Latch <clock_enable/s_cnt_0> in Unit <stopwatch_driver> is equivalent to the following FF/Latch, which will be removed : <stopwatch/clock_enable/s_cnt_0> 
INFO:Xst:2261 - The FF/Latch <clock_enable/s_cnt_1> in Unit <stopwatch_driver> is equivalent to the following FF/Latch, which will be removed : <stopwatch/clock_enable/s_cnt_1> 

Mapping all equations...
Building and optimizing final netlist ...
Found area constraint ratio of 100 (+ 5) on block stopwatch_driver, actual ratio is 0.

Final Macro Processing ...

=========================================================================
Final Register Report

Macro Statistics
# Registers                                            : 31
 Flip-Flops                                            : 31

=========================================================================

=========================================================================
*                           Partition Report                            *
=========================================================================

Partition Implementation Status
-------------------------------

  No Partitions were found in this design.

-------------------------------

=========================================================================
*                            Design Summary                             *
=========================================================================

Top Level Output File Name         : stopwatch_driver.ngc

Primitive and Black Box Usage:
------------------------------
# BELS                             : 97
#      GND                         : 1
#      INV                         : 5
#      LUT1                        : 11
#      LUT2                        : 13
#      LUT3                        : 4
#      LUT4                        : 12
#      LUT5                        : 3
#      LUT6                        : 25
#      MUXCY                       : 11
#      VCC                         : 1
#      XORCY                       : 11
# FlipFlops/Latches                : 31
#      FD                          : 13
#      FDR                         : 12
#      FDRE                        : 6
# Clock Buffers                    : 1
#      BUFGP                       : 1
# IO Buffers                       : 18
#      IBUF                        : 6
#      OBUF                        : 12

Device utilization summary:
---------------------------

Selected Device : 7a100tcsg324-3 


Slice Logic Utilization: 
 Number of Slice Registers:              31  out of  126800     0%  
 Number of Slice LUTs:                   73  out of  63400     0%  
    Number used as Logic:                73  out of  63400     0%  

Slice Logic Distribution: 
 Number of LUT Flip Flop pairs used:     73
   Number with an unused Flip Flop:      42  out of     73    57%  
   Number with an unused LUT:             0  out of     73     0%  
   Number of fully used LUT-FF pairs:    31  out of     73    42%  
   Number of unique control sets:         6

IO Utilization: 
 Number of IOs:                          19
 Number of bonded IOBs:                  19  out of    210     9%  

Specific Feature Utilization:
 Number of BUFG/BUFGCTRLs:                1  out of     32     3%  

---------------------------
Partition Resource Summary:
---------------------------

  No Partitions were found in this design.

---------------------------


=========================================================================
Timing Report

NOTE: THESE TIMING NUMBERS ARE ONLY A SYNTHESIS ESTIMATE.
      FOR ACCURATE TIMING INFORMATION PLEASE REFER TO THE TRACE REPORT
      GENERATED AFTER PLACE-and-ROUTE.

Clock Information:
------------------
-----------------------------------+------------------------+-------+
Clock Signal                       | Clock buffer(FF name)  | Load  |
-----------------------------------+------------------------+-------+
clk_i                              | BUFGP                  | 31    |
-----------------------------------+------------------------+-------+

Asynchronous Control Signals Information:
----------------------------------------
No asynchronous control signals found in this design

Timing Summary:
---------------
Speed Grade: -3

   Minimum period: 2.205ns (Maximum Frequency: 453.556MHz)
   Minimum input arrival time before clock: 1.701ns
   Maximum output required time after clock: 2.158ns
   Maximum combinational path delay: 0.934ns

Timing Details:
---------------
All values displayed in nanoseconds (ns)

=========================================================================
Timing constraint: Default period analysis for Clock 'clk_i'
  Clock period: 2.205ns (frequency: 453.556MHz)
  Total number of paths / destination ports: 449 / 51
-------------------------------------------------------------------------
Delay:               2.205ns (Levels of Logic = 2)
  Source:            clock_enable/s_cnt_4 (FF)
  Destination:       clock_enable/s_cnt_1 (FF)
  Source Clock:      clk_i rising
  Destination Clock: clk_i rising

  Data Path: clock_enable/s_cnt_4 to clock_enable/s_cnt_1
                                Gate     Net
    Cell:in->out      fanout   Delay   Delay  Logical Name (Net Name)
    ----------------------------------------  ------------
     FDR:C->Q              3   0.361   0.703  clock_enable/s_cnt_4 (clock_enable/s_cnt_4)
     LUT6:I0->O            2   0.097   0.299  clock_enable/n000121 (clock_enable/n0001)
     LUT2:I1->O            5   0.097   0.298  clock_enable/Mcount_s_cnt_val1 (clock_enable/Mcount_s_cnt_val)
     FDR:R                     0.349          clock_enable/s_cnt_5
    ----------------------------------------
    Total                      2.205ns (0.904ns logic, 1.301ns route)
                                       (41.0% logic, 59.0% route)

=========================================================================
Timing constraint: Default OFFSET IN BEFORE for Clock 'clk_i'
  Total number of paths / destination ports: 47 / 35
-------------------------------------------------------------------------
Offset:              1.701ns (Levels of Logic = 4)
  Source:            cnt_en_i (PAD)
  Destination:       stopwatch/BCD_3/s_cntBCD_3 (FF)
  Destination Clock: clk_i rising

  Data Path: cnt_en_i to stopwatch/BCD_3/s_cntBCD_3
                                Gate     Net
    Cell:in->out      fanout   Delay   Delay  Logical Name (Net Name)
    ----------------------------------------  ------------
     IBUF:I->O             5   0.001   0.712  cnt_en_i_IBUF (cnt_en_i_IBUF)
     LUT6:I0->O            1   0.097   0.295  stopwatch/BCD_3/srst_n_i_s_cntBCD[3]_OR_4_o11_SW1 (N12)
     LUT6:I5->O            4   0.097   0.393  stopwatch/BCD_3/s_en_cnt_en_AND_9_o1 (stopwatch/BCD_3/s_en_cnt_en_AND_9_o)
     LUT4:I2->O            1   0.097   0.000  stopwatch/BCD_3/s_cntBCD_1_rstpot (stopwatch/BCD_3/s_cntBCD_1_rstpot)
     FD:D                      0.008          stopwatch/BCD_3/s_cntBCD_1
    ----------------------------------------
    Total                      1.701ns (0.300ns logic, 1.401ns route)
                                       (17.6% logic, 82.4% route)

=========================================================================
Timing constraint: Default OFFSET OUT AFTER for Clock 'clk_i'
  Total number of paths / destination ports: 178 / 12
-------------------------------------------------------------------------
Offset:              2.158ns (Levels of Logic = 3)
  Source:            s_cnt_0 (FF)
  Destination:       seg_o<6> (PAD)
  Source Clock:      clk_i rising

  Data Path: s_cnt_0 to seg_o<6>
                                Gate     Net
    Cell:in->out      fanout   Delay   Delay  Logical Name (Net Name)
    ----------------------------------------  ------------
     FDRE:C->Q            11   0.361   0.740  s_cnt_0 (s_cnt_0)
     LUT6:I0->O            7   0.097   0.584  Mmux_s_hex11 (s_hex<0>)
     LUT4:I0->O            1   0.097   0.279  hex_to_7seg/Mram_seg_o21 (seg_o_2_OBUF)
     OBUF:I->O                 0.000          seg_o_2_OBUF (seg_o<2>)
    ----------------------------------------
    Total                      2.158ns (0.555ns logic, 1.603ns route)
                                       (25.7% logic, 74.3% route)

=========================================================================
Timing constraint: Default path analysis
  Total number of paths / destination ports: 4 / 1
-------------------------------------------------------------------------
Delay:               0.934ns (Levels of Logic = 3)
  Source:            dp_i<3> (PAD)
  Destination:       dp_o (PAD)

  Data Path: dp_i<3> to dp_o
                                Gate     Net
    Cell:in->out      fanout   Delay   Delay  Logical Name (Net Name)
    ----------------------------------------  ------------
     IBUF:I->O             1   0.001   0.556  dp_i_3_IBUF (dp_i_3_IBUF)
     LUT6:I2->O            1   0.097   0.279  Mmux_dp_o11 (dp_o_OBUF)
     OBUF:I->O                 0.000          dp_o_OBUF (dp_o)
    ----------------------------------------
    Total                      0.934ns (0.098ns logic, 0.836ns route)
                                       (10.5% logic, 89.5% route)

=========================================================================

Cross Clock Domains Report:
--------------------------

Clock to Setup on destination clock clk_i
---------------+---------+---------+---------+---------+
               | Src:Rise| Src:Fall| Src:Rise| Src:Fall|
Source Clock   |Dest:Rise|Dest:Rise|Dest:Fall|Dest:Fall|
---------------+---------+---------+---------+---------+
clk_i          |    2.205|         |         |         |
---------------+---------+---------+---------+---------+

=========================================================================


Total REAL time to Xst completion: 8.00 secs
Total CPU time to Xst completion: 8.09 secs
 
--> 

Total memory usage is 4689108 kilobytes

Number of errors   :    0 (   0 filtered)
Number of warnings :   22 (   0 filtered)
Number of infos    :    4 (   0 filtered)

