Release 14.3 - xst P.40xd (nt64)
Copyright (c) 1995-2012 Xilinx, Inc.  All rights reserved.
--> Parameter TMPDIR set to xst/projnav.tmp


Total REAL time to Xst completion: 0.00 secs
Total CPU time to Xst completion: 0.09 secs
 
--> Parameter xsthdpdir set to xst


Total REAL time to Xst completion: 0.00 secs
Total CPU time to Xst completion: 0.09 secs
 
--> Reading design: stopwatch.prj

TABLE OF CONTENTS
  1) Synthesis Options Summary
  2) HDL Parsing
  3) HDL Elaboration
  4) HDL Synthesis
       4.1) HDL Synthesis Report
  5) Advanced HDL Synthesis
       5.1) Advanced HDL Synthesis Report
  6) Low Level Synthesis
  7) Partition Report
  8) Design Summary
       8.1) Primitive and Black Box Usage
       8.2) Device utilization summary
       8.3) Partition Resource Summary
       8.4) Timing Report
            8.4.1) Clock Information
            8.4.2) Asynchronous Control Signals Information
            8.4.3) Timing Summary
            8.4.4) Timing Details
            8.4.5) Cross Clock Domains Report


=========================================================================
*                      Synthesis Options Summary                        *
=========================================================================
---- Source Parameters
Input File Name                    : "stopwatch.prj"
Ignore Synthesis Constraint File   : NO

---- Target Parameters
Output File Name                   : "stopwatch"
Output Format                      : NGC
Target Device                      : xc7a100t-3-csg324

---- Source Options
Top Module Name                    : stopwatch
Automatic FSM Extraction           : YES
FSM Encoding Algorithm             : Auto
Safe Implementation                : No
FSM Style                          : LUT
RAM Extraction                     : Yes
RAM Style                          : Auto
ROM Extraction                     : Yes
Shift Register Extraction          : YES
ROM Style                          : Auto
Resource Sharing                   : YES
Asynchronous To Synchronous        : NO
Shift Register Minimum Size        : 2
Use DSP Block                      : Auto
Automatic Register Balancing       : No

---- Target Options
LUT Combining                      : Auto
Reduce Control Sets                : Auto
Add IO Buffers                     : YES
Global Maximum Fanout              : 100000
Add Generic Clock Buffer(BUFG)     : 32
Register Duplication               : YES
Optimize Instantiated Primitives   : NO
Use Clock Enable                   : Auto
Use Synchronous Set                : Auto
Use Synchronous Reset              : Auto
Pack IO Registers into IOBs        : Auto
Equivalent register Removal        : YES

---- General Options
Optimization Goal                  : Speed
Optimization Effort                : 1
Power Reduction                    : NO
Keep Hierarchy                     : No
Netlist Hierarchy                  : As_Optimized
RTL Output                         : Yes
Global Optimization                : AllClockNets
Read Cores                         : YES
Write Timing Constraints           : NO
Cross Clock Analysis               : NO
Hierarchy Separator                : /
Bus Delimiter                      : <>
Case Specifier                     : Maintain
Slice Utilization Ratio            : 100
BRAM Utilization Ratio             : 100
DSP48 Utilization Ratio            : 100
Auto BRAM Packing                  : NO
Slice Utilization Ratio Delta      : 5

=========================================================================


=========================================================================
*                          HDL Parsing                                  *
=========================================================================
Parsing VHDL file "C:\Users\Marek\Desktop\Digital-electronics-1-Moje\Digital-electronics-1-master\Labs\07-stopwatch\stopwatch\clock_enable.vhd" into library work
Parsing entity <clock_enable>.
Parsing architecture <Behavioral> of entity <clock_enable>.
Parsing VHDL file "C:\Users\Marek\Desktop\Digital-electronics-1-Moje\Digital-electronics-1-master\Labs\07-stopwatch\stopwatch\BCD.vhd" into library work
Parsing entity <BCD>.
Parsing architecture <Behavioral> of entity <bcd>.
Parsing VHDL file "C:\Users\Marek\Desktop\Digital-electronics-1-Moje\Digital-electronics-1-master\Labs\07-stopwatch\stopwatch\stopwatch.vhd" into library work
Parsing entity <stopwatch>.
Parsing architecture <Behavioral> of entity <stopwatch>.

=========================================================================
*                            HDL Elaboration                            *
=========================================================================

Elaborating entity <stopwatch> (architecture <Behavioral>) from library <work>.
WARNING:HDLCompiler:871 - "C:\Users\Marek\Desktop\Digital-electronics-1-Moje\Digital-electronics-1-master\Labs\07-stopwatch\stopwatch\stopwatch.vhd" Line 55: Using initial value '1' for cnt_en0 since it is never assigned
WARNING:HDLCompiler:871 - "C:\Users\Marek\Desktop\Digital-electronics-1-Moje\Digital-electronics-1-master\Labs\07-stopwatch\stopwatch\stopwatch.vhd" Line 60: Using initial value '1' for erase_en0 since it is never assigned
WARNING:HDLCompiler:92 - "C:\Users\Marek\Desktop\Digital-electronics-1-Moje\Digital-electronics-1-master\Labs\07-stopwatch\stopwatch\stopwatch.vhd" Line 88: s_cnt2 should be on the sensitivity list of the process

Elaborating entity <clock_enable> (architecture <Behavioral>) with generics from library <work>.

Elaborating entity <BCD> (architecture <Behavioral>) from library <work>.

=========================================================================
*                           HDL Synthesis                               *
=========================================================================

Synthesizing Unit <stopwatch>.
    Related source file is "C:\Users\Marek\Desktop\Digital-electronics-1-Moje\Digital-electronics-1-master\Labs\07-stopwatch\stopwatch\stopwatch.vhd".
    Summary:
	no macro.
Unit <stopwatch> synthesized.

Synthesizing Unit <clock_enable>.
    Related source file is "C:\Users\Marek\Desktop\Digital-electronics-1-Moje\Digital-electronics-1-master\Labs\07-stopwatch\stopwatch\clock_enable.vhd".
        g_NPERIOD = "0000000001100100"
    Found 1-bit register for signal <clock_enable_o>.
    Found 16-bit register for signal <s_cnt>.
    Found 16-bit adder for signal <s_cnt[15]_GND_7_o_add_1_OUT> created at line 54.
    Found 16-bit comparator greater for signal <n0001> created at line 50
    Summary:
	inferred   1 Adder/Subtractor(s).
	inferred  17 D-type flip-flop(s).
	inferred   1 Comparator(s).
Unit <clock_enable> synthesized.

Synthesizing Unit <BCD>.
    Related source file is "C:\Users\Marek\Desktop\Digital-electronics-1-Moje\Digital-electronics-1-master\Labs\07-stopwatch\stopwatch\BCD.vhd".
    Found 4-bit register for signal <s_cntBCD>.
    Found 4-bit adder for signal <s_cntBCD[3]_GND_8_o_add_1_OUT> created at line 60.
    Summary:
	inferred   1 Adder/Subtractor(s).
	inferred   4 D-type flip-flop(s).
Unit <BCD> synthesized.

=========================================================================
HDL Synthesis Report

Macro Statistics
# Adders/Subtractors                                   : 5
 16-bit adder                                          : 1
 4-bit adder                                           : 4
# Registers                                            : 6
 1-bit register                                        : 1
 16-bit register                                       : 1
 4-bit register                                        : 4
# Comparators                                          : 1
 16-bit comparator greater                             : 1

=========================================================================

=========================================================================
*                       Advanced HDL Synthesis                          *
=========================================================================


Synthesizing (advanced) Unit <BCD>.
The following registers are absorbed into counter <s_cntBCD>: 1 register on signal <s_cntBCD>.
Unit <BCD> synthesized (advanced).

Synthesizing (advanced) Unit <clock_enable>.
The following registers are absorbed into counter <s_cnt>: 1 register on signal <s_cnt>.
Unit <clock_enable> synthesized (advanced).

=========================================================================
Advanced HDL Synthesis Report

Macro Statistics
# Counters                                             : 5
 16-bit up counter                                     : 1
 4-bit up counter                                      : 4
# Registers                                            : 1
 Flip-Flops                                            : 1
# Comparators                                          : 1
 16-bit comparator greater                             : 1

=========================================================================

=========================================================================
*                         Low Level Synthesis                           *
=========================================================================

Optimizing unit <stopwatch> ...
WARNING:Xst:1293 - FF/Latch <clock_enable/s_cnt_9> has a constant value of 0 in block <stopwatch>. This FF/Latch will be trimmed during the optimization process.
WARNING:Xst:1896 - Due to other FF/Latch trimming, FF/Latch <clock_enable/s_cnt_7> has a constant value of 0 in block <stopwatch>. This FF/Latch will be trimmed during the optimization process.
WARNING:Xst:1896 - Due to other FF/Latch trimming, FF/Latch <clock_enable/s_cnt_8> has a constant value of 0 in block <stopwatch>. This FF/Latch will be trimmed during the optimization process.
WARNING:Xst:1896 - Due to other FF/Latch trimming, FF/Latch <clock_enable/s_cnt_12> has a constant value of 0 in block <stopwatch>. This FF/Latch will be trimmed during the optimization process.
WARNING:Xst:1896 - Due to other FF/Latch trimming, FF/Latch <clock_enable/s_cnt_10> has a constant value of 0 in block <stopwatch>. This FF/Latch will be trimmed during the optimization process.
WARNING:Xst:1896 - Due to other FF/Latch trimming, FF/Latch <clock_enable/s_cnt_11> has a constant value of 0 in block <stopwatch>. This FF/Latch will be trimmed during the optimization process.
WARNING:Xst:1896 - Due to other FF/Latch trimming, FF/Latch <clock_enable/s_cnt_15> has a constant value of 0 in block <stopwatch>. This FF/Latch will be trimmed during the optimization process.
WARNING:Xst:1896 - Due to other FF/Latch trimming, FF/Latch <clock_enable/s_cnt_13> has a constant value of 0 in block <stopwatch>. This FF/Latch will be trimmed during the optimization process.
WARNING:Xst:1896 - Due to other FF/Latch trimming, FF/Latch <clock_enable/s_cnt_14> has a constant value of 0 in block <stopwatch>. This FF/Latch will be trimmed during the optimization process.

Mapping all equations...
Building and optimizing final netlist ...
Found area constraint ratio of 100 (+ 5) on block stopwatch, actual ratio is 0.

Final Macro Processing ...

=========================================================================
Final Register Report

Macro Statistics
# Registers                                            : 24
 Flip-Flops                                            : 24

=========================================================================

=========================================================================
*                           Partition Report                            *
=========================================================================

Partition Implementation Status
-------------------------------

  No Partitions were found in this design.

-------------------------------

=========================================================================
*                            Design Summary                             *
=========================================================================

Top Level Output File Name         : stopwatch.ngc

Primitive and Black Box Usage:
------------------------------
# BELS                             : 61
#      GND                         : 1
#      INV                         : 2
#      LUT1                        : 6
#      LUT2                        : 8
#      LUT3                        : 3
#      LUT4                        : 5
#      LUT5                        : 3
#      LUT6                        : 19
#      MUXCY                       : 6
#      VCC                         : 1
#      XORCY                       : 7
# FlipFlops/Latches                : 24
#      FD                          : 14
#      FDR                         : 6
#      FDRE                        : 4
# Clock Buffers                    : 1
#      BUFGP                       : 1
# IO Buffers                       : 18
#      IBUF                        : 2
#      OBUF                        : 16

Device utilization summary:
---------------------------

Selected Device : 7a100tcsg324-3 


Slice Logic Utilization: 
 Number of Slice Registers:              24  out of  126800     0%  
 Number of Slice LUTs:                   46  out of  63400     0%  
    Number used as Logic:                46  out of  63400     0%  

Slice Logic Distribution: 
 Number of LUT Flip Flop pairs used:     46
   Number with an unused Flip Flop:      22  out of     46    47%  
   Number with an unused LUT:             0  out of     46     0%  
   Number of fully used LUT-FF pairs:    24  out of     46    52%  
   Number of unique control sets:         3

IO Utilization: 
 Number of IOs:                          19
 Number of bonded IOBs:                  19  out of    210     9%  

Specific Feature Utilization:
 Number of BUFG/BUFGCTRLs:                1  out of     32     3%  

---------------------------
Partition Resource Summary:
---------------------------

  No Partitions were found in this design.

---------------------------


=========================================================================
Timing Report

NOTE: THESE TIMING NUMBERS ARE ONLY A SYNTHESIS ESTIMATE.
      FOR ACCURATE TIMING INFORMATION PLEASE REFER TO THE TRACE REPORT
      GENERATED AFTER PLACE-and-ROUTE.

Clock Information:
------------------
-----------------------------------+------------------------+-------+
Clock Signal                       | Clock buffer(FF name)  | Load  |
-----------------------------------+------------------------+-------+
clk_i                              | BUFGP                  | 24    |
-----------------------------------+------------------------+-------+

Asynchronous Control Signals Information:
----------------------------------------
No asynchronous control signals found in this design

Timing Summary:
---------------
Speed Grade: -3

   Minimum period: 2.084ns (Maximum Frequency: 479.893MHz)
   Minimum input arrival time before clock: 1.480ns
   Maximum output required time after clock: 0.696ns
   Maximum combinational path delay: No path found

Timing Details:
---------------
All values displayed in nanoseconds (ns)

=========================================================================
Timing constraint: Default period analysis for Clock 'clk_i'
  Clock period: 2.084ns (frequency: 479.893MHz)
  Total number of paths / destination ports: 398 / 38
-------------------------------------------------------------------------
Delay:               2.084ns (Levels of Logic = 3)
  Source:            BCD_1/s_cntBCD_1 (FF)
  Destination:       BCD_3/s_cntBCD_0 (FF)
  Source Clock:      clk_i rising
  Destination Clock: clk_i rising

  Data Path: BCD_1/s_cntBCD_1 to BCD_3/s_cntBCD_0
                                Gate     Net
    Cell:in->out      fanout   Delay   Delay  Logical Name (Net Name)
    ----------------------------------------  ------------
     FD:C->Q               5   0.361   0.575  BCD_1/s_cntBCD_1 (BCD_1/s_cntBCD_1)
     LUT4:I0->O            7   0.097   0.539  BCD_3/srst_n_i_s_cntBCD[3]_OR_4_o11_SW0 (N11)
     LUT6:I3->O            4   0.097   0.309  BCD_3/srst_n_i_s_cntBCD[3]_OR_4_o (BCD_3/srst_n_i_s_cntBCD[3]_OR_4_o)
     LUT3:I2->O            1   0.097   0.000  BCD_3/s_cntBCD_0_rstpot (BCD_3/s_cntBCD_0_rstpot)
     FD:D                      0.008          BCD_3/s_cntBCD_0
    ----------------------------------------
    Total                      2.084ns (0.660ns logic, 1.424ns route)
                                       (31.7% logic, 68.3% route)

=========================================================================
Timing constraint: Default OFFSET IN BEFORE for Clock 'clk_i'
  Total number of paths / destination ports: 40 / 28
-------------------------------------------------------------------------
Offset:              1.480ns (Levels of Logic = 2)
  Source:            srst_n_i (PAD)
  Destination:       clock_enable/s_cnt_2 (FF)
  Destination Clock: clk_i rising

  Data Path: srst_n_i to clock_enable/s_cnt_2
                                Gate     Net
    Cell:in->out      fanout   Delay   Delay  Logical Name (Net Name)
    ----------------------------------------  ------------
     IBUF:I->O             9   0.001   0.730  srst_n_i_IBUF (srst_n_i_IBUF)
     LUT6:I0->O            6   0.097   0.302  clock_enable/Mcount_s_cnt_val1 (clock_enable/Mcount_s_cnt_val)
     FDR:R                     0.349          clock_enable/s_cnt_6
    ----------------------------------------
    Total                      1.480ns (0.447ns logic, 1.033ns route)
                                       (30.2% logic, 69.8% route)

=========================================================================
Timing constraint: Default OFFSET OUT AFTER for Clock 'clk_i'
  Total number of paths / destination ports: 16 / 16
-------------------------------------------------------------------------
Offset:              0.696ns (Levels of Logic = 1)
  Source:            BCD_0/s_cntBCD_0 (FF)
  Destination:       hth_l_o<0> (PAD)
  Source Clock:      clk_i rising

  Data Path: BCD_0/s_cntBCD_0 to hth_l_o<0>
                                Gate     Net
    Cell:in->out      fanout   Delay   Delay  Logical Name (Net Name)
    ----------------------------------------  ------------
     FDRE:C->Q            13   0.361   0.335  BCD_0/s_cntBCD_0 (BCD_0/s_cntBCD_0)
     OBUF:I->O                 0.000          hth_l_o_0_OBUF (hth_l_o<0>)
    ----------------------------------------
    Total                      0.696ns (0.361ns logic, 0.335ns route)
                                       (51.8% logic, 48.2% route)

=========================================================================

Cross Clock Domains Report:
--------------------------

Clock to Setup on destination clock clk_i
---------------+---------+---------+---------+---------+
               | Src:Rise| Src:Fall| Src:Rise| Src:Fall|
Source Clock   |Dest:Rise|Dest:Rise|Dest:Fall|Dest:Fall|
---------------+---------+---------+---------+---------+
clk_i          |    2.084|         |         |         |
---------------+---------+---------+---------+---------+

=========================================================================


Total REAL time to Xst completion: 8.00 secs
Total CPU time to Xst completion: 7.89 secs
 
--> 

Total memory usage is 4686996 kilobytes

Number of errors   :    0 (   0 filtered)
Number of warnings :   12 (   0 filtered)
Number of infos    :    0 (   0 filtered)

